#! /c/Source/iverilog-install/bin/vvp
:ivl_version "12.0 (devel)" "(s20150603-1539-g2693dd32b)";
:ivl_delay_selection "TYPICAL";
:vpi_time_precision + 0;
:vpi_module "D:\Xilinx\iverilog\lib\ivl\system.vpi";
:vpi_module "D:\Xilinx\iverilog\lib\ivl\vhdl_sys.vpi";
:vpi_module "D:\Xilinx\iverilog\lib\ivl\vhdl_textio.vpi";
:vpi_module "D:\Xilinx\iverilog\lib\ivl\v2005_math.vpi";
:vpi_module "D:\Xilinx\iverilog\lib\ivl\va_math.vpi";
S_000001df4c852d20 .scope module, "bb_pwm" "bb_pwm" 2 1;
 .timescale 0 0;
    .port_info 0 /INPUT 1 "clk";
    .port_info 1 /INPUT 1 "rst";
    .port_info 2 /INPUT 16 "speed_in";
    .port_info 3 /INPUT 1 "speed_oe";
    .port_info 4 /OUTPUT 1 "pwm_out";
    .port_info 5 /OUTPUT 1 "busy";
P_000001df4c852eb0 .param/l "ACC" 0 2 4, +C4<00000000000000000000000000001010>;
P_000001df4c852ee8 .param/l "DEAD_ZONE" 0 2 5, +C4<00000000000000000000000000000101>;
P_000001df4c852f20 .param/l "MAX_SPEED" 0 2 2, +C4<00000000000000010000000000000000>;
P_000001df4c852f58 .param/l "MIN_SPEED" 0 2 3, +C4<00000000000000000000000100000000>;
P_000001df4c852f90 .param/l "STATE_WIDTH" 0 2 6, +C4<00000000000000000000000000000011>;
P_000001df4c852fc8 .param/l "TOP_ACTIVE" 0 2 17, +C4<00000000000000000000000000000001>;
P_000001df4c853000 .param/l "TOP_IDLE" 0 2 17, +C4<00000000000000000000000000000000>;
v000001df4c853470_0 .net *"_ivl_0", 0 0, L_000001df4c8d7b70;  1 drivers
v000001df4c7cc550_0 .net *"_ivl_10", 31 0, L_000001df4c8d7850;  1 drivers
L_000001df4c8d7d68 .functor BUFT 1, C4<00000000000000000000000000000>, C4<0>, C4<0>, C4<0>;
v000001df4c8535c0_0 .net *"_ivl_13", 28 0, L_000001df4c8d7d68;  1 drivers
L_000001df4c8d7db0 .functor BUFT 1, C4<00000000000000000000000000000001>, C4<0>, C4<0>, C4<0>;
v000001df4c853040_0 .net/2u *"_ivl_14", 31 0, L_000001df4c8d7db0;  1 drivers
L_000001df4c8d7cd8 .functor BUFT 1, C4<01>, C4<0>, C4<0>, C4<0>;
v000001df4c8530e0_0 .net/2s *"_ivl_2", 1 0, L_000001df4c8d7cd8;  1 drivers
L_000001df4c8d7d20 .functor BUFT 1, C4<00>, C4<0>, C4<0>, C4<0>;
v000001df4c8d6c20_0 .net/2s *"_ivl_4", 1 0, L_000001df4c8d7d20;  1 drivers
v000001df4c8d7a30_0 .net *"_ivl_6", 1 0, L_000001df4c8d6d10;  1 drivers
v000001df4c8d73f0_0 .net "busy", 0 0, L_000001df4c8d7ad0;  1 drivers
o000001df4c88e138 .functor BUFZ 1, C4<z>; HiZ drive
v000001df4c8d7170_0 .net "clk", 0 0, o000001df4c88e138;  0 drivers
v000001df4c8d7490_0 .var "cnt", 15 0;
v000001df4c8d72b0_0 .var "next_top_state", 2 0;
v000001df4c8d7530_0 .net "pwm_out", 0 0, L_000001df4c8d77b0;  1 drivers
v000001df4c8d6db0_0 .var "pwm_reg", 15 0;
o000001df4c88e228 .functor BUFZ 1, C4<z>; HiZ drive
v000001df4c8d7670_0 .net "rst", 0 0, o000001df4c88e228;  0 drivers
o000001df4c88e258 .functor BUFZ 16, C4<zzzzzzzzzzzzzzzz>; HiZ drive
v000001df4c8d75d0_0 .net "speed_in", 15 0, o000001df4c88e258;  0 drivers
o000001df4c88e288 .functor BUFZ 1, C4<z>; HiZ drive
v000001df4c8d70d0_0 .net "speed_oe", 0 0, o000001df4c88e288;  0 drivers
v000001df4c8d7710_0 .var "speed_reg", 15 0;
v000001df4c8d7210_0 .var "top_state", 2 0;
E_000001df4c879d00/0 .event anyedge, v000001df4c8d7670_0;
E_000001df4c879d00/1 .event posedge, v000001df4c8d7170_0;
E_000001df4c879d00 .event/or E_000001df4c879d00/0, E_000001df4c879d00/1;
E_000001df4c87a500 .event anyedge, v000001df4c8d7210_0, v000001df4c8d70d0_0, v000001df4c8d7710_0, v000001df4c8d6db0_0;
E_000001df4c87a000 .event posedge, v000001df4c8d7670_0, v000001df4c8d7170_0;
L_000001df4c8d7b70 .cmp/ge 16, v000001df4c8d7490_0, v000001df4c8d6db0_0;
L_000001df4c8d6d10 .functor MUXZ 2, L_000001df4c8d7d20, L_000001df4c8d7cd8, L_000001df4c8d7b70, C4<>;
L_000001df4c8d77b0 .part L_000001df4c8d6d10, 0, 1;
L_000001df4c8d7850 .concat [ 3 29 0 0], v000001df4c8d7210_0, L_000001df4c8d7d68;
L_000001df4c8d7ad0 .cmp/eq 32, L_000001df4c8d7850, L_000001df4c8d7db0;
    .scope S_000001df4c852d20;
T_0 ;
    %pushi/vec4 0, 0, 16;
    %store/vec4 v000001df4c8d7490_0, 0, 16;
    %pushi/vec4 256, 0, 16;
    %store/vec4 v000001df4c8d7710_0, 0, 16;
    %pushi/vec4 256, 0, 16;
    %store/vec4 v000001df4c8d6db0_0, 0, 16;
    %end;
    .thread T_0;
    .scope S_000001df4c852d20;
T_1 ;
    %wait E_000001df4c87a000;
    %load/vec4 v000001df4c8d7670_0;
    %flag_set/vec4 8;
    %jmp/0xz  T_1.0, 8;
    %pushi/vec4 0, 0, 3;
    %assign/vec4 v000001df4c8d7210_0, 0;
    %jmp T_1.1;
T_1.0 ;
    %load/vec4 v000001df4c8d72b0_0;
    %assign/vec4 v000001df4c8d7210_0, 0;
T_1.1 ;
    %jmp T_1;
    .thread T_1;
    .scope S_000001df4c852d20;
T_2 ;
    %wait E_000001df4c87a500;
    %load/vec4 v000001df4c8d7210_0;
    %dup/vec4;
    %pushi/vec4 0, 0, 3;
    %cmp/u;
    %jmp/1 T_2.0, 6;
    %dup/vec4;
    %pushi/vec4 1, 0, 3;
    %cmp/u;
    %jmp/1 T_2.1, 6;
    %pushi/vec4 0, 0, 3;
    %assign/vec4 v000001df4c8d72b0_0, 0;
    %jmp T_2.3;
T_2.0 ;
    %load/vec4 v000001df4c8d70d0_0;
    %flag_set/vec4 8;
    %jmp/0 T_2.4, 8;
    %pushi/vec4 1, 0, 32;
    %jmp/1 T_2.5, 8;
T_2.4 ; End of true expr.
    %pushi/vec4 0, 0, 32;
    %jmp/0 T_2.5, 8;
 ; End of false expr.
    %blend;
T_2.5;
    %pad/s 3;
    %assign/vec4 v000001df4c8d72b0_0, 0;
    %jmp T_2.3;
T_2.1 ;
    %load/vec4 v000001df4c8d7710_0;
    %pad/u 32;
    %load/vec4 v000001df4c8d6db0_0;
    %pad/u 32;
    %addi 5, 0, 32;
    %cmp/u;
    %flag_or 5, 4;
    %flag_get/vec4 5;
    %jmp/0 T_2.8, 5;
    %load/vec4 v000001df4c8d6db0_0;
    %pad/u 32;
    %subi 5, 0, 32;
    %load/vec4 v000001df4c8d7710_0;
    %pad/u 32;
    %cmp/u;
    %flag_get/vec4 4;
    %flag_get/vec4 5;
    %or;
    %and;
T_2.8;
    %flag_set/vec4 8;
    %jmp/0xz  T_2.6, 8;
    %pushi/vec4 0, 0, 3;
    %assign/vec4 v000001df4c8d72b0_0, 0;
    %jmp T_2.7;
T_2.6 ;
    %pushi/vec4 1, 0, 3;
    %assign/vec4 v000001df4c8d72b0_0, 0;
T_2.7 ;
    %jmp T_2.3;
T_2.3 ;
    %pop/vec4 1;
    %jmp T_2;
    .thread T_2, $push;
    .scope S_000001df4c852d20;
T_3 ;
    %wait E_000001df4c879d00;
    %load/vec4 v000001df4c8d7670_0;
    %flag_set/vec4 8;
    %jmp/0xz  T_3.0, 8;
    %pushi/vec4 0, 0, 16;
    %assign/vec4 v000001df4c8d7490_0, 0;
    %pushi/vec4 256, 0, 16;
    %assign/vec4 v000001df4c8d7710_0, 0;
    %pushi/vec4 256, 0, 16;
    %assign/vec4 v000001df4c8d6db0_0, 0;
    %jmp T_3.1;
T_3.0 ;
    %load/vec4 v000001df4c8d7490_0;
    %addi 1, 0, 16;
    %assign/vec4 v000001df4c8d7490_0, 0;
    %load/vec4 v000001df4c8d70d0_0;
    %flag_set/vec4 8;
    %jmp/0xz  T_3.2, 8;
    %load/vec4 v000001df4c8d75d0_0;
    %assign/vec4 v000001df4c8d7710_0, 0;
T_3.2 ;
    %load/vec4 v000001df4c8d7210_0;
    %dup/vec4;
    %pushi/vec4 0, 0, 3;
    %cmp/u;
    %jmp/1 T_3.4, 6;
    %dup/vec4;
    %pushi/vec4 1, 0, 3;
    %cmp/u;
    %jmp/1 T_3.5, 6;
    %pushi/vec4 0, 0, 3;
    %assign/vec4 v000001df4c8d72b0_0, 0;
    %jmp T_3.7;
T_3.4 ;
    %load/vec4 v000001df4c8d7710_0;
    %assign/vec4 v000001df4c8d6db0_0, 0;
    %jmp T_3.7;
T_3.5 ;
    %load/vec4 v000001df4c8d6db0_0;
    %pad/u 32;
    %addi 5, 0, 32;
    %load/vec4 v000001df4c8d7710_0;
    %pad/u 32;
    %cmp/u;
    %jmp/0xz  T_3.8, 5;
    %load/vec4 v000001df4c8d6db0_0;
    %pad/u 32;
    %addi 10, 0, 32;
    %cmpi/u 65536, 0, 32;
    %flag_or 5, 4; GT is !LE
    %flag_inv 5;
    %flag_mov 8, 5;
    %jmp/0 T_3.10, 8;
    %pushi/vec4 65536, 0, 32;
    %jmp/1 T_3.11, 8;
T_3.10 ; End of true expr.
    %load/vec4 v000001df4c8d6db0_0;
    %pad/u 32;
    %addi 10, 0, 32;
    %jmp/0 T_3.11, 8;
 ; End of false expr.
    %blend;
T_3.11;
    %pad/u 16;
    %assign/vec4 v000001df4c8d6db0_0, 0;
    %jmp T_3.9;
T_3.8 ;
    %load/vec4 v000001df4c8d7710_0;
    %pad/u 32;
    %load/vec4 v000001df4c8d6db0_0;
    %pad/u 32;
    %subi 5, 0, 32;
    %cmp/u;
    %jmp/0xz  T_3.12, 5;
    %load/vec4 v000001df4c8d6db0_0;
    %pad/u 32;
    %cmpi/u 266, 0, 32;
    %flag_mov 8, 5;
    %jmp/0 T_3.14, 8;
    %pushi/vec4 256, 0, 32;
    %jmp/1 T_3.15, 8;
T_3.14 ; End of true expr.
    %load/vec4 v000001df4c8d6db0_0;
    %pad/u 32;
    %subi 10, 0, 32;
    %jmp/0 T_3.15, 8;
 ; End of false expr.
    %blend;
T_3.15;
    %pad/u 16;
    %assign/vec4 v000001df4c8d6db0_0, 0;
T_3.12 ;
T_3.9 ;
    %jmp T_3.7;
T_3.7 ;
    %pop/vec4 1;
T_3.1 ;
    %jmp T_3;
    .thread T_3;
# The file index is used to find the file name in the following table.
:file_names 3;
    "N/A";
    "<interactive>";
    "bb_pwm.v";
