#! /opt/homebrew/Cellar/icarus-verilog/12.0/bin/vvp
:ivl_version "12.0 (stable)";
:ivl_delay_selection "TYPICAL";
:vpi_time_precision + 0;
:vpi_module "/opt/homebrew/Cellar/icarus-verilog/12.0/lib/ivl/system.vpi";
:vpi_module "/opt/homebrew/Cellar/icarus-verilog/12.0/lib/ivl/vhdl_sys.vpi";
:vpi_module "/opt/homebrew/Cellar/icarus-verilog/12.0/lib/ivl/vhdl_textio.vpi";
:vpi_module "/opt/homebrew/Cellar/icarus-verilog/12.0/lib/ivl/v2005_math.vpi";
:vpi_module "/opt/homebrew/Cellar/icarus-verilog/12.0/lib/ivl/va_math.vpi";
:vpi_module "/opt/homebrew/Cellar/icarus-verilog/12.0/lib/ivl/v2009.vpi";
S_0x13c80e710 .scope package, "$unit" "$unit" 2 1;
 .timescale 0 0;
S_0x13c8131a0 .scope module, "bb_pwm" "bb_pwm" 3 3;
 .timescale 0 0;
    .port_info 0 /INPUT 1 "clk";
    .port_info 1 /INPUT 1 "rst";
    .port_info 2 /INPUT 16 "speed_in";
    .port_info 3 /INPUT 1 "speed_oe";
    .port_info 4 /OUTPUT 1 "pwm_out";
    .port_info 5 /OUTPUT 1 "busy";
P_0x13c813310 .param/l "ACC" 0 3 6, +C4<00000000000000000000101000000000>;
P_0x13c813350 .param/l "DEAD_ZONE" 0 3 7, +C4<00000000000000000000010100000000>;
P_0x13c813390 .param/l "MAX_SPEED" 0 3 4, +C4<00000000000000010000000000000000>;
P_0x13c8133d0 .param/l "MIN_SPEED" 0 3 5, +C4<00000000000000000000000100000000>;
P_0x13c813410 .param/l "STATE_WIDTH" 0 3 8, +C4<00000000000000000000000000000011>;
P_0x13c813450 .param/l "TOP_ACTIVE" 1 3 19, +C4<00000000000000000000000000000001>;
P_0x13c813490 .param/l "TOP_IDLE" 1 3 19, +C4<00000000000000000000000000000000>;
v0x13c810080_0 .net *"_ivl_0", 0 0, L_0x13c823e00;  1 drivers
v0x13c8230c0_0 .net *"_ivl_10", 31 0, L_0x13c824100;  1 drivers
L_0x1200580a0 .functor BUFT 1, C4<00000000000000000000000000000>, C4<0>, C4<0>, C4<0>;
v0x13c823160_0 .net *"_ivl_13", 28 0, L_0x1200580a0;  1 drivers
L_0x1200580e8 .functor BUFT 1, C4<00000000000000000000000000000001>, C4<0>, C4<0>, C4<0>;
v0x13c823210_0 .net/2u *"_ivl_14", 31 0, L_0x1200580e8;  1 drivers
L_0x120058010 .functor BUFT 1, C4<01>, C4<0>, C4<0>, C4<0>;
v0x13c8232c0_0 .net/2s *"_ivl_2", 1 0, L_0x120058010;  1 drivers
L_0x120058058 .functor BUFT 1, C4<00>, C4<0>, C4<0>, C4<0>;
v0x13c8233b0_0 .net/2s *"_ivl_4", 1 0, L_0x120058058;  1 drivers
v0x13c823460_0 .net *"_ivl_6", 1 0, L_0x13c823ea0;  1 drivers
v0x13c823510_0 .net "busy", 0 0, L_0x13c824270;  1 drivers
o0x120020190 .functor BUFZ 1, C4<z>; HiZ drive
v0x13c8235b0_0 .net "clk", 0 0, o0x120020190;  0 drivers
v0x13c8236c0_0 .var "cnt", 15 0;
v0x13c823760_0 .var "next_top_state", 2 0;
v0x13c823810_0 .net "pwm_out", 0 0, L_0x13c824020;  1 drivers
v0x13c8238b0_0 .var "pwm_reg", 15 0;
o0x120020280 .functor BUFZ 1, C4<z>; HiZ drive
v0x13c823960_0 .net "rst", 0 0, o0x120020280;  0 drivers
o0x1200202b0 .functor BUFZ 16, C4<zzzzzzzzzzzzzzzz>; HiZ drive
v0x13c823a00_0 .net "speed_in", 15 0, o0x1200202b0;  0 drivers
o0x1200202e0 .functor BUFZ 1, C4<z>; HiZ drive
v0x13c823ab0_0 .net "speed_oe", 0 0, o0x1200202e0;  0 drivers
v0x13c823b50_0 .var "speed_reg", 15 0;
v0x13c823ce0_0 .var "top_state", 2 0;
E_0x13c808130 .event posedge, v0x13c823960_0, v0x13c8235b0_0;
E_0x13c8078f0 .event posedge, v0x13c8235b0_0;
L_0x13c823e00 .cmp/ge 16, v0x13c8236c0_0, v0x13c8238b0_0;
L_0x13c823ea0 .functor MUXZ 2, L_0x120058058, L_0x120058010, L_0x13c823e00, C4<>;
L_0x13c824020 .part L_0x13c823ea0, 0, 1;
L_0x13c824100 .concat [ 3 29 0 0], v0x13c823ce0_0, L_0x1200580a0;
L_0x13c824270 .cmp/eq 32, L_0x13c824100, L_0x1200580e8;
    .scope S_0x13c8131a0;
T_0 ;
    %pushi/vec4 0, 0, 16;
    %store/vec4 v0x13c8236c0_0, 0, 16;
    %pushi/vec4 256, 0, 16;
    %store/vec4 v0x13c823b50_0, 0, 16;
    %pushi/vec4 256, 0, 16;
    %store/vec4 v0x13c8238b0_0, 0, 16;
    %end;
    .thread T_0, $init;
    .scope S_0x13c8131a0;
T_1 ;
    %wait E_0x13c808130;
    %load/vec4 v0x13c823960_0;
    %flag_set/vec4 8;
    %jmp/0xz  T_1.0, 8;
    %pushi/vec4 0, 0, 3;
    %assign/vec4 v0x13c823ce0_0, 0;
    %jmp T_1.1;
T_1.0 ;
    %load/vec4 v0x13c823760_0;
    %assign/vec4 v0x13c823ce0_0, 0;
T_1.1 ;
    %jmp T_1;
    .thread T_1;
    .scope S_0x13c8131a0;
T_2 ;
    %wait E_0x13c8078f0;
    %load/vec4 v0x13c823ce0_0;
    %dup/vec4;
    %pushi/vec4 0, 0, 3;
    %cmp/u;
    %jmp/1 T_2.0, 6;
    %dup/vec4;
    %pushi/vec4 1, 0, 3;
    %cmp/u;
    %jmp/1 T_2.1, 6;
    %pushi/vec4 0, 0, 3;
    %assign/vec4 v0x13c823760_0, 0;
    %jmp T_2.3;
T_2.0 ;
    %load/vec4 v0x13c823ab0_0;
    %flag_set/vec4 8;
    %jmp/0 T_2.4, 8;
    %pushi/vec4 1, 0, 32;
    %jmp/1 T_2.5, 8;
T_2.4 ; End of true expr.
    %pushi/vec4 0, 0, 32;
    %jmp/0 T_2.5, 8;
 ; End of false expr.
    %blend;
T_2.5;
    %pad/s 3;
    %assign/vec4 v0x13c823760_0, 0;
    %jmp T_2.3;
T_2.1 ;
    %load/vec4 v0x13c823b50_0;
    %pad/u 32;
    %load/vec4 v0x13c8238b0_0;
    %pad/u 32;
    %addi 1280, 0, 32;
    %cmp/u;
    %flag_or 5, 4;
    %flag_get/vec4 5;
    %jmp/0 T_2.8, 5;
    %load/vec4 v0x13c8238b0_0;
    %pad/u 32;
    %subi 1280, 0, 32;
    %load/vec4 v0x13c823b50_0;
    %pad/u 32;
    %cmp/u;
    %flag_get/vec4 4;
    %flag_get/vec4 5;
    %or;
    %and;
T_2.8;
    %flag_set/vec4 8;
    %jmp/0xz  T_2.6, 8;
    %pushi/vec4 0, 0, 3;
    %assign/vec4 v0x13c823760_0, 0;
    %jmp T_2.7;
T_2.6 ;
    %pushi/vec4 1, 0, 3;
    %assign/vec4 v0x13c823760_0, 0;
T_2.7 ;
    %jmp T_2.3;
T_2.3 ;
    %pop/vec4 1;
    %jmp T_2;
    .thread T_2;
    .scope S_0x13c8131a0;
T_3 ;
    %wait E_0x13c808130;
    %load/vec4 v0x13c823960_0;
    %flag_set/vec4 8;
    %jmp/0xz  T_3.0, 8;
    %pushi/vec4 0, 0, 16;
    %assign/vec4 v0x13c8236c0_0, 0;
    %pushi/vec4 256, 0, 16;
    %assign/vec4 v0x13c823b50_0, 0;
    %pushi/vec4 256, 0, 16;
    %assign/vec4 v0x13c8238b0_0, 0;
    %jmp T_3.1;
T_3.0 ;
    %load/vec4 v0x13c8236c0_0;
    %addi 256, 0, 16;
    %assign/vec4 v0x13c8236c0_0, 0;
    %load/vec4 v0x13c823ce0_0;
    %dup/vec4;
    %pushi/vec4 0, 0, 3;
    %cmp/u;
    %jmp/1 T_3.2, 6;
    %dup/vec4;
    %pushi/vec4 1, 0, 3;
    %cmp/u;
    %jmp/1 T_3.3, 6;
    %pushi/vec4 0, 0, 3;
    %assign/vec4 v0x13c823760_0, 0;
    %jmp T_3.5;
T_3.2 ;
    %load/vec4 v0x13c823ab0_0;
    %flag_set/vec4 8;
    %jmp/0xz  T_3.6, 8;
    %load/vec4 v0x13c823a00_0;
    %assign/vec4 v0x13c823b50_0, 0;
T_3.6 ;
    %jmp T_3.5;
T_3.3 ;
    %load/vec4 v0x13c8236c0_0;
    %pad/u 32;
    %cmpi/e 65280, 0, 32;
    %jmp/0xz  T_3.8, 4;
    %load/vec4 v0x13c8238b0_0;
    %pad/u 32;
    %addi 1280, 0, 32;
    %load/vec4 v0x13c823b50_0;
    %pad/u 32;
    %cmp/u;
    %jmp/0xz  T_3.10, 5;
    %load/vec4 v0x13c8238b0_0;
    %pad/u 32;
    %addi 2560, 0, 32;
    %cmpi/u 65536, 0, 32;
    %flag_or 5, 4; GT is !LE
    %flag_inv 5;
    %flag_mov 8, 5;
    %jmp/0 T_3.12, 8;
    %pushi/vec4 65536, 0, 32;
    %jmp/1 T_3.13, 8;
T_3.12 ; End of true expr.
    %load/vec4 v0x13c8238b0_0;
    %pad/u 32;
    %addi 2560, 0, 32;
    %jmp/0 T_3.13, 8;
 ; End of false expr.
    %blend;
T_3.13;
    %pad/u 16;
    %assign/vec4 v0x13c8238b0_0, 0;
    %jmp T_3.11;
T_3.10 ;
    %load/vec4 v0x13c823b50_0;
    %pad/u 32;
    %load/vec4 v0x13c8238b0_0;
    %pad/u 32;
    %subi 1280, 0, 32;
    %cmp/u;
    %jmp/0xz  T_3.14, 5;
    %load/vec4 v0x13c8238b0_0;
    %pad/u 32;
    %cmpi/u 2816, 0, 32;
    %flag_mov 8, 5;
    %jmp/0 T_3.16, 8;
    %pushi/vec4 256, 0, 32;
    %jmp/1 T_3.17, 8;
T_3.16 ; End of true expr.
    %load/vec4 v0x13c8238b0_0;
    %pad/u 32;
    %subi 2560, 0, 32;
    %jmp/0 T_3.17, 8;
 ; End of false expr.
    %blend;
T_3.17;
    %pad/u 16;
    %assign/vec4 v0x13c8238b0_0, 0;
T_3.14 ;
T_3.11 ;
T_3.8 ;
    %jmp T_3.5;
T_3.5 ;
    %pop/vec4 1;
T_3.1 ;
    %jmp T_3;
    .thread T_3;
# The file index is used to find the file name in the following table.
:file_names 4;
    "N/A";
    "<interactive>";
    "-";
    "bb_pwm.sv";
