#! /opt/homebrew/Cellar/icarus-verilog/12.0/bin/vvp
:ivl_version "12.0 (stable)";
:ivl_delay_selection "TYPICAL";
:vpi_time_precision + 0;
:vpi_module "/opt/homebrew/Cellar/icarus-verilog/12.0/lib/ivl/system.vpi";
:vpi_module "/opt/homebrew/Cellar/icarus-verilog/12.0/lib/ivl/vhdl_sys.vpi";
:vpi_module "/opt/homebrew/Cellar/icarus-verilog/12.0/lib/ivl/vhdl_textio.vpi";
:vpi_module "/opt/homebrew/Cellar/icarus-verilog/12.0/lib/ivl/v2005_math.vpi";
:vpi_module "/opt/homebrew/Cellar/icarus-verilog/12.0/lib/ivl/va_math.vpi";
:vpi_module "/opt/homebrew/Cellar/icarus-verilog/12.0/lib/ivl/v2009.vpi";
S_0x14b8466f0 .scope package, "$unit" "$unit" 2 1;
 .timescale 0 0;
S_0x14b843c70 .scope module, "drone_top" "drone_top" 3 4;
 .timescale 0 0;
    .port_info 0 /INPUT 1 "clk";
    .port_info 1 /INPUT 1 "reset";
    .port_info 2 /INPUT 1 "cmd_valid";
    .port_info 3 /INPUT 1 "cmd_oe";
    .port_info 4 /INPUT 8 "cmd_data";
    .port_info 5 /INPUT 1 "out_of_control";
    .port_info 6 /OUTPUT 1 "scl";
    .port_info 7 /INOUT 1 "sda";
    .port_info 8 /OUTPUT 1 "pwm_out";
P_0x14b854430 .param/l "KD" 0 3 50, C4<0000000000000101>;
P_0x14b854470 .param/l "KI" 0 3 49, C4<0000000000000010>;
P_0x14b8544b0 .param/l "KP" 0 3 48, C4<0000000000001010>;
enum0x14b8348a0 .enum4 (3)
   "IDLE" 3'b000,
   "GET_MPU" 3'b001,
   "CAL_ATTITUDE" 3'b010,
   "CAL_PID" 3'b011,
   "UPDATE_PWM" 3'b100,
   "ERROR" 3'b101
 ;
enum0x14b834f70 .enum4 (3)
   "SUB_BALANCE" 3'b000,
   "SUB_UP" 3'b001,
   "SUB_DOWN" 3'b010,
   "SUB_LEFT" 3'b011,
   "SUB_RIGHT" 3'b100,
   "SUB_FORWARD" 3'b101,
   "SUB_BACKWARD" 3'b110
 ;
o0x140050e20 .functor BUFZ 1, C4<z>; HiZ drive
L_0x14b86d270 .functor NOT 1, o0x140050e20, C4<0>, C4<0>, C4<0>;
v0x14b86bf90_0 .var "byte_counter", 3 0;
o0x1400505e0 .functor BUFZ 1, C4<z>; HiZ drive
v0x14b86c020_0 .net "clk", 0 0, o0x1400505e0;  0 drivers
o0x140051060 .functor BUFZ 8, C4<zzzzzzzz>; HiZ drive
v0x14b86c0b0_0 .net "cmd_data", 7 0, o0x140051060;  0 drivers
o0x140051090 .functor BUFZ 1, C4<z>; HiZ drive
v0x14b86c140_0 .net "cmd_oe", 0 0, o0x140051090;  0 drivers
o0x1400510c0 .functor BUFZ 1, C4<z>; HiZ drive
v0x14b86c1d0_0 .net "cmd_valid", 0 0, o0x1400510c0;  0 drivers
v0x14b86c2a0_0 .var "current_val", 15 0;
v0x14b86c340_0 .var "integral", 15 0;
v0x14b86c3f0_0 .net "mpu_busy", 0 0, L_0x14b86e4d0;  1 drivers
v0x14b86c480_0 .var "mpu_data", 15 0;
v0x14b86c5a0_0 .net "mpu_data_avalid", 0 0, v0x14b869ba0_0;  1 drivers
v0x14b86c650_0 .net "mpu_data_byte", 7 0, v0x14b869af0_0;  1 drivers
v0x14b86c6e0_0 .var "mpu_init", 0 0;
v0x14b86c770_0 .var "mpu_transfer", 0 0;
v0x14b86c820_0 .var "next_state", 2 0;
o0x1400511b0 .functor BUFZ 1, C4<z>; HiZ drive
v0x14b86c8b0_0 .net "out_of_control", 0 0, o0x1400511b0;  0 drivers
v0x14b86c940_0 .var "pid_output", 15 0;
v0x14b86ca00_0 .var "prev_error", 15 0;
v0x14b86cba0_0 .net "pwm_busy", 0 0, L_0x14b86e9f0;  1 drivers
v0x14b86cc50_0 .net "pwm_out", 0 0, L_0x14b86e7f0;  1 drivers
v0x14b86cce0_0 .var "pwm_update", 0 0;
v0x14b86cd70_0 .net "reset", 0 0, o0x140050e20;  0 drivers
v0x14b86ce00_0 .net "rst_n", 0 0, L_0x14b86d270;  1 drivers
v0x14b86ce90_0 .net "scl", 0 0, L_0x14b86dbd0;  1 drivers
v0x14b86cf40_0 .net "sda", 0 0, L_0x14b86e1e0;  1 drivers
v0x14b86cff0_0 .var "state", 2 0;
v0x14b86d080_0 .var "sub_state", 2 0;
v0x14b86d110_0 .var "target_val", 15 0;
E_0x14b807cc0/0 .event anyedge, v0x14b86cff0_0, v0x14b86c480_0, v0x14b86c1d0_0, v0x14b869860_0;
E_0x14b807cc0/1 .event anyedge, v0x14b86bf90_0, v0x14b86c8b0_0, v0x14b86c140_0, v0x14b86c0b0_0;
E_0x14b807cc0/2 .event anyedge, v0x14b86d080_0, v0x14b86d110_0, v0x14b86c2a0_0, v0x14b86b6a0_0;
E_0x14b807cc0/3 .event anyedge, v0x14b86bab0_0;
E_0x14b807cc0 .event/or E_0x14b807cc0/0, E_0x14b807cc0/1, E_0x14b807cc0/2, E_0x14b807cc0/3;
S_0x14b842320 .scope function.vec4.s16, "calc_pid" "calc_pid" 3 57, 3 57 0, S_0x14b843c70;
 .timescale 0 0;
; Variable calc_pid is vec4 return value of scope S_0x14b842320
v0x14b867cc0_0 .var "current", 15 0;
v0x14b867d70_0 .var "d_term", 15 0;
v0x14b867e30_0 .var "error", 15 0;
v0x14b867ee0_0 .var "i_term", 15 0;
v0x14b867fd0_0 .var "p_term", 15 0;
v0x14b868080_0 .var "target", 15 0;
TD_drone_top.calc_pid ;
    %load/vec4 v0x14b868080_0;
    %load/vec4 v0x14b867cc0_0;
    %sub;
    %store/vec4 v0x14b867e30_0, 0, 16;
    %load/vec4 v0x14b867e30_0;
    %muli 10, 0, 16;
    %store/vec4 v0x14b867fd0_0, 0, 16;
    %load/vec4 v0x14b867e30_0;
    %muli 2, 0, 16;
    %store/vec4 v0x14b867ee0_0, 0, 16;
    %load/vec4 v0x14b867e30_0;
    %load/vec4 v0x14b86ca00_0;
    %sub;
    %muli 5, 0, 16;
    %store/vec4 v0x14b867d70_0, 0, 16;
    %load/vec4 v0x14b867fd0_0;
    %load/vec4 v0x14b86c340_0;
    %add;
    %load/vec4 v0x14b867d70_0;
    %add;
    %ret/vec4 0, 0, 16;  Assign to calc_pid (store_vec4_to_lval)
    %end;
S_0x14b868130 .scope module, "i2c_inst" "bb_iic" 3 73, 4 1 0, S_0x14b843c70;
 .timescale 0 0;
    .port_info 0 /INPUT 1 "clk";
    .port_info 1 /OUTPUT 1 "scl";
    .port_info 2 /INOUT 1 "sda";
    .port_info 3 /INPUT 1 "rst_n";
    .port_info 4 /INPUT 1 "mpu_init";
    .port_info 5 /INPUT 1 "mpu_transfer";
    .port_info 6 /OUTPUT 1 "data_avalid";
    .port_info 7 /OUTPUT 8 "data";
    .port_info 8 /OUTPUT 1 "busy_now";
P_0x14b868300 .param/l "ACC_INC" 1 4 45, +C4<00000100000110001001001101110100>;
P_0x14b868340 .param/l "CLK_MAIN" 0 4 2, +C4<00000010111110101111000010000000>;
P_0x14b868380 .param/real "CLK_MAIN_REAL" 1 4 43, Cr<m5f5e100000000000gfdb>; value=5.00000e+07
P_0x14b8683c0 .param/real "PHASE_INC_REAL" 1 4 44, Cr<m4189374bc6a7f000gfdc>; value=6.87195e+07
P_0x14b868400 .param/l "SCL_DIV" 0 4 3, +C4<00000000000011000011010100000000>;
P_0x14b868440 .param/real "SCL_DIV_REAL" 1 4 42, Cr<m61a8000000000000gfd5>; value=800000.
enum0x14b836040 .enum2/s (32)
   "IDLE" 0,
   "START" 1,
   "SEND_CYCLE" 2,
   "ARBITR_1" 3,
   "RESTART" 4,
   "READ_CYCLE" 5,
   "ARBITR_2" 6,
   "STOP" 7
 ;
enum0x14b8361a0 .enum2/s (32)
   "SEND_BYTE" 0,
   "R_ACK" 1,
   "REMAIN_BYTE" 2
 ;
enum0x14b837150 .enum2/s (32)
   "READ_BYTE" 0,
   "W_ACK" 1
 ;
L_0x14b86e040 .functor OR 1, L_0x14b86de20, L_0x14b86df00, C4<0>, C4<0>;
L_0x14b86e0f0 .functor AND 1, L_0x14b86dcf0, L_0x14b86e040, C4<1>, C4<1>;
L_0x1400880a0 .functor BUFT 1, C4<00000000000000000000000000000000>, C4<0>, C4<0>, C4<0>;
v0x14b8688b0_0 .net/2s *"_ivl_10", 31 0, L_0x1400880a0;  1 drivers
v0x14b868940_0 .net *"_ivl_12", 0 0, L_0x14b86d6a0;  1 drivers
v0x14b8689d0_0 .net *"_ivl_16", 1 0, L_0x14b86d8d0;  1 drivers
L_0x1400880e8 .functor BUFT 1, C4<0>, C4<0>, C4<0>, C4<0>;
v0x14b868a60_0 .net *"_ivl_19", 0 0, L_0x1400880e8;  1 drivers
L_0x140088010 .functor BUFT 1, C4<001>, C4<0>, C4<0>, C4<0>;
v0x14b868b00_0 .net/2u *"_ivl_2", 2 0, L_0x140088010;  1 drivers
L_0x140088130 .functor BUFT 1, C4<01>, C4<0>, C4<0>, C4<0>;
v0x14b868bf0_0 .net/2u *"_ivl_20", 1 0, L_0x140088130;  1 drivers
v0x14b868ca0_0 .net *"_ivl_22", 1 0, L_0x14b86da30;  1 drivers
v0x14b868d50_0 .net *"_ivl_26", 0 0, L_0x14b86dcf0;  1 drivers
L_0x140088178 .functor BUFT 1, C4<00000000000000000000000000000001>, C4<0>, C4<0>, C4<0>;
v0x14b868df0_0 .net/2s *"_ivl_28", 31 0, L_0x140088178;  1 drivers
v0x14b868f00_0 .net *"_ivl_30", 0 0, L_0x14b86de20;  1 drivers
L_0x1400881c0 .functor BUFT 1, C4<00000000000000000000000000000010>, C4<0>, C4<0>, C4<0>;
v0x14b868fa0_0 .net/2s *"_ivl_32", 31 0, L_0x1400881c0;  1 drivers
v0x14b869050_0 .net *"_ivl_34", 0 0, L_0x14b86df00;  1 drivers
v0x14b8690f0_0 .net *"_ivl_37", 0 0, L_0x14b86e040;  1 drivers
o0x1400503d0 .functor BUFZ 1, C4<z>; HiZ drive
; Elide local net with no drivers, v0x14b869190_0 name=_ivl_40
L_0x140088208 .functor BUFT 1, C4<00000000000000000000000000000000>, C4<0>, C4<0>, C4<0>;
v0x14b869240_0 .net/2s *"_ivl_44", 31 0, L_0x140088208;  1 drivers
v0x14b8692f0_0 .net *"_ivl_46", 0 0, L_0x14b86e300;  1 drivers
L_0x140088250 .functor BUFT 1, C4<0>, C4<0>, C4<0>, C4<0>;
v0x14b869390_0 .net/2u *"_ivl_48", 0 0, L_0x140088250;  1 drivers
L_0x140088298 .functor BUFT 1, C4<1>, C4<0>, C4<0>, C4<0>;
v0x14b869520_0 .net/2u *"_ivl_50", 0 0, L_0x140088298;  1 drivers
L_0x140088058 .functor BUFT 1, C4<110>, C4<0>, C4<0>, C4<0>;
v0x14b8695b0_0 .net/2u *"_ivl_6", 2 0, L_0x140088058;  1 drivers
v0x14b869660_0 .net "a", 0 0, L_0x14b86e0f0;  1 drivers
v0x14b869700_0 .var "acc", 31 0;
v0x14b8697b0_0 .var "bit_cnt", 2 0;
v0x14b869860_0 .net "busy_now", 0 0, L_0x14b86e4d0;  alias, 1 drivers
v0x14b869900_0 .var "byte_cnt", 2 0;
v0x14b8699b0_0 .net "clk", 0 0, o0x1400505e0;  alias, 0 drivers
v0x14b869a50 .array "commands", 7 0, 7 0;
v0x14b869af0_0 .var "data", 7 0;
v0x14b869ba0_0 .var "data_avalid", 0 0;
v0x14b869c40_0 .var "edge_detect", 2 0;
v0x14b869cf0_0 .var "first_restart", 0 0;
v0x14b869d90_0 .var "forever_read", 0 0;
v0x14b869e30_0 .var "initializing", 0 0;
v0x14b869ed0_0 .net "mpu_init", 0 0, v0x14b86c6e0_0;  1 drivers
v0x14b869430_0 .net "mpu_transfer", 0 0, v0x14b86c770_0;  1 drivers
v0x14b86a160_0 .var "num_bytes", 2 0;
v0x14b86a1f0_0 .var/2s "read_state", 31 0;
v0x14b86a280_0 .net "rst_n", 0 0, L_0x14b86d270;  alias, 1 drivers
v0x14b86a310_0 .net "scl", 0 0, L_0x14b86dbd0;  alias, 1 drivers
v0x14b86a3b0_0 .net "scl_en", 0 0, L_0x14b86d7c0;  1 drivers
v0x14b86a450_0 .var "scl_gen", 0 0;
v0x14b86a4f0_0 .net "scl_neg", 0 0, L_0x14b86d510;  1 drivers
v0x14b86a590_0 .net "scl_pos", 0 0, L_0x14b86d3f0;  1 drivers
v0x14b86a630_0 .var "scl_pos_delay_2_clk", 2 0;
v0x14b86a6e0_0 .net "sda", 0 0, L_0x14b86e1e0;  alias, 1 drivers
v0x14b86a780_0 .var "sda_gen", 0 0;
v0x14b86a820_0 .var/2s "send_state", 31 0;
v0x14b86a8d0_0 .var/2s "state", 31 0;
v0x14b86a980_0 .net "tick", 0 0, L_0x14b86d330;  1 drivers
E_0x14b8687f0/0 .event negedge, v0x14b86a280_0;
E_0x14b8687f0/1 .event posedge, v0x14b8699b0_0;
E_0x14b8687f0 .event/or E_0x14b8687f0/0, E_0x14b8687f0/1;
E_0x14b868840 .event posedge, v0x14b8699b0_0;
L_0x14b86d330 .part v0x14b869700_0, 31, 1;
L_0x14b86d3f0 .cmp/eq 3, v0x14b869c40_0, L_0x140088010;
L_0x14b86d510 .cmp/eq 3, v0x14b869c40_0, L_0x140088058;
L_0x14b86d6a0 .cmp/eq 32, v0x14b86a8d0_0, L_0x1400880a0;
L_0x14b86d7c0 .reduce/nor L_0x14b86d6a0;
L_0x14b86d8d0 .concat [ 1 1 0 0], v0x14b86a450_0, L_0x1400880e8;
L_0x14b86da30 .functor MUXZ 2, L_0x140088130, L_0x14b86d8d0, L_0x14b86d7c0, C4<>;
L_0x14b86dbd0 .part L_0x14b86da30, 0, 1;
L_0x14b86dcf0 .cmp/eq 32, v0x14b86a8d0_0, v0x14b86a820_0;
L_0x14b86de20 .cmp/eq 32, v0x14b86a820_0, L_0x140088178;
L_0x14b86df00 .cmp/eq 32, v0x14b86a820_0, L_0x1400881c0;
L_0x14b86e1e0 .functor MUXZ 1, o0x1400503d0, v0x14b86a780_0, L_0x14b86e0f0, C4<>;
L_0x14b86e300 .cmp/eq 32, v0x14b86a8d0_0, L_0x140088208;
L_0x14b86e4d0 .functor MUXZ 1, L_0x140088298, L_0x140088250, L_0x14b86e300, C4<>;
S_0x14b86ab00 .scope module, "pwm_inst" "bb_pwm" 3 92, 5 3 0, S_0x14b843c70;
 .timescale 0 0;
    .port_info 0 /INPUT 1 "clk";
    .port_info 1 /INPUT 1 "rst";
    .port_info 2 /INPUT 16 "speed_in";
    .port_info 3 /INPUT 1 "speed_oe";
    .port_info 4 /OUTPUT 1 "pwm_out";
    .port_info 5 /OUTPUT 1 "busy";
P_0x14b86ac70 .param/l "ACC" 0 5 6, +C4<00000000000000000000101000000000>;
P_0x14b86acb0 .param/l "DEAD_ZONE" 0 5 7, +C4<00000000000000000000010100000000>;
P_0x14b86acf0 .param/l "MAX_SPEED" 0 5 4, +C4<00000000000000010000000000000000>;
P_0x14b86ad30 .param/l "MIN_SPEED" 0 5 5, +C4<00000000000000000000000100000000>;
P_0x14b86ad70 .param/l "STATE_WIDTH" 0 5 8, +C4<00000000000000000000000000000011>;
P_0x14b86adb0 .param/l "TOP_ACTIVE" 1 5 19, +C4<00000000000000000000000000000001>;
P_0x14b86adf0 .param/l "TOP_IDLE" 1 5 19, +C4<00000000000000000000000000000000>;
v0x14b86b200_0 .net *"_ivl_0", 0 0, L_0x14b86e5f0;  1 drivers
v0x14b86b2b0_0 .net *"_ivl_10", 31 0, L_0x14b86e910;  1 drivers
L_0x140088370 .functor BUFT 1, C4<00000000000000000000000000000>, C4<0>, C4<0>, C4<0>;
v0x14b86b350_0 .net *"_ivl_13", 28 0, L_0x140088370;  1 drivers
L_0x1400883b8 .functor BUFT 1, C4<00000000000000000000000000000001>, C4<0>, C4<0>, C4<0>;
v0x14b86b3e0_0 .net/2u *"_ivl_14", 31 0, L_0x1400883b8;  1 drivers
L_0x1400882e0 .functor BUFT 1, C4<01>, C4<0>, C4<0>, C4<0>;
v0x14b86b470_0 .net/2s *"_ivl_2", 1 0, L_0x1400882e0;  1 drivers
L_0x140088328 .functor BUFT 1, C4<00>, C4<0>, C4<0>, C4<0>;
v0x14b86b540_0 .net/2s *"_ivl_4", 1 0, L_0x140088328;  1 drivers
v0x14b86b5f0_0 .net *"_ivl_6", 1 0, L_0x14b86e690;  1 drivers
v0x14b86b6a0_0 .net "busy", 0 0, L_0x14b86e9f0;  alias, 1 drivers
v0x14b86b740_0 .net "clk", 0 0, o0x1400505e0;  alias, 0 drivers
v0x14b86b850_0 .var "cnt", 15 0;
v0x14b86b8e0_0 .var "next_top_state", 2 0;
v0x14b86b970_0 .net "pwm_out", 0 0, L_0x14b86e7f0;  alias, 1 drivers
v0x14b86ba00_0 .var "pwm_reg", 15 0;
v0x14b86bab0_0 .net "rst", 0 0, o0x140050e20;  alias, 0 drivers
v0x14b86bb50_0 .net "speed_in", 15 0, v0x14b86c940_0;  1 drivers
v0x14b86bc00_0 .net "speed_oe", 0 0, v0x14b86cce0_0;  1 drivers
v0x14b86bca0_0 .var "speed_reg", 15 0;
v0x14b86be50_0 .var "top_state", 2 0;
E_0x14b86b1b0 .event posedge, v0x14b86bab0_0, v0x14b8699b0_0;
L_0x14b86e5f0 .cmp/ge 16, v0x14b86b850_0, v0x14b86ba00_0;
L_0x14b86e690 .functor MUXZ 2, L_0x140088328, L_0x1400882e0, L_0x14b86e5f0, C4<>;
L_0x14b86e7f0 .part L_0x14b86e690, 0, 1;
L_0x14b86e910 .concat [ 3 29 0 0], v0x14b86be50_0, L_0x140088370;
L_0x14b86e9f0 .cmp/eq 32, L_0x14b86e910, L_0x1400883b8;
    .scope S_0x14b868130;
T_1 ;
    %pushi/vec4 0, 0, 32;
    %store/vec4 v0x14b86a8d0_0, 0, 32;
    %pushi/vec4 0, 0, 32;
    %store/vec4 v0x14b86a820_0, 0, 32;
    %pushi/vec4 0, 0, 32;
    %store/vec4 v0x14b86a1f0_0, 0, 32;
    %pushi/vec4 0, 0, 32;
    %store/vec4 v0x14b869700_0, 0, 32;
    %pushi/vec4 1, 0, 1;
    %store/vec4 v0x14b86a450_0, 0, 1;
    %pushi/vec4 0, 0, 3;
    %store/vec4 v0x14b869c40_0, 0, 3;
    %pushi/vec4 7, 0, 3;
    %store/vec4 v0x14b86a630_0, 0, 3;
    %pushi/vec4 1, 0, 1;
    %store/vec4 v0x14b86a780_0, 0, 1;
    %pushi/vec4 0, 0, 1;
    %store/vec4 v0x14b869e30_0, 0, 1;
    %pushi/vec4 0, 0, 3;
    %store/vec4 v0x14b8697b0_0, 0, 3;
    %pushi/vec4 0, 0, 3;
    %store/vec4 v0x14b869900_0, 0, 3;
    %pushi/vec4 1, 0, 1;
    %store/vec4 v0x14b869cf0_0, 0, 1;
    %pushi/vec4 0, 0, 1;
    %store/vec4 v0x14b869d90_0, 0, 1;
    %end;
    .thread T_1, $init;
    .scope S_0x14b868130;
T_2 ;
    %wait E_0x14b868840;
    %load/vec4 v0x14b869700_0;
    %parti/s 31, 0, 2;
    %pad/u 32;
    %addi 68719476, 0, 32;
    %assign/vec4 v0x14b869700_0, 0;
    %jmp T_2;
    .thread T_2;
    .scope S_0x14b868130;
T_3 ;
    %wait E_0x14b868840;
    %load/vec4 v0x14b86a980_0;
    %flag_set/vec4 8;
    %jmp/0 T_3.0, 8;
    %load/vec4 v0x14b86a450_0;
    %inv;
    %jmp/1 T_3.1, 8;
T_3.0 ; End of true expr.
    %load/vec4 v0x14b86a450_0;
    %jmp/0 T_3.1, 8;
 ; End of false expr.
    %blend;
T_3.1;
    %assign/vec4 v0x14b86a450_0, 0;
    %jmp T_3;
    .thread T_3;
    .scope S_0x14b868130;
T_4 ;
    %wait E_0x14b868840;
    %load/vec4 v0x14b869c40_0;
    %parti/s 2, 0, 2;
    %load/vec4 v0x14b86a450_0;
    %concat/vec4; draw_concat_vec4
    %assign/vec4 v0x14b869c40_0, 0;
    %jmp T_4;
    .thread T_4;
    .scope S_0x14b868130;
T_5 ;
    %wait E_0x14b868840;
    %load/vec4 v0x14b86a630_0;
    %parti/s 2, 0, 2;
    %load/vec4 v0x14b86a590_0;
    %concat/vec4; draw_concat_vec4
    %assign/vec4 v0x14b86a630_0, 0;
    %jmp T_5;
    .thread T_5;
    .scope S_0x14b868130;
T_6 ;
    %wait E_0x14b8687f0;
    %load/vec4 v0x14b86a280_0;
    %nor/r;
    %flag_set/vec4 8;
    %jmp/0xz  T_6.0, 8;
    %pushi/vec4 0, 0, 32;
    %assign/vec4 v0x14b86a8d0_0, 0;
    %pushi/vec4 0, 0, 1;
    %assign/vec4 v0x14b869d90_0, 0;
    %jmp T_6.1;
T_6.0 ;
    %load/vec4 v0x14b86a8d0_0;
    %dup/vec4;
    %pushi/vec4 0, 0, 32;
    %cmp/u;
    %jmp/1 T_6.2, 6;
    %dup/vec4;
    %pushi/vec4 1, 0, 32;
    %cmp/u;
    %jmp/1 T_6.3, 6;
    %dup/vec4;
    %pushi/vec4 2, 0, 32;
    %cmp/u;
    %jmp/1 T_6.4, 6;
    %dup/vec4;
    %pushi/vec4 3, 0, 32;
    %cmp/u;
    %jmp/1 T_6.5, 6;
    %dup/vec4;
    %pushi/vec4 4, 0, 32;
    %cmp/u;
    %jmp/1 T_6.6, 6;
    %dup/vec4;
    %pushi/vec4 5, 0, 32;
    %cmp/u;
    %jmp/1 T_6.7, 6;
    %dup/vec4;
    %pushi/vec4 6, 0, 32;
    %cmp/u;
    %jmp/1 T_6.8, 6;
    %dup/vec4;
    %pushi/vec4 7, 0, 32;
    %cmp/u;
    %jmp/1 T_6.9, 6;
    %pushi/vec4 0, 0, 32;
    %assign/vec4 v0x14b86a8d0_0, 0;
    %jmp T_6.11;
T_6.2 ;
    %load/vec4 v0x14b869ed0_0;
    %flag_set/vec4 8;
    %jmp/0xz  T_6.12, 8;
    %pushi/vec4 1, 0, 1;
    %assign/vec4 v0x14b869e30_0, 0;
    %pushi/vec4 2, 0, 3;
    %store/vec4 v0x14b86a160_0, 0, 3;
    %pushi/vec4 208, 0, 8;
    %ix/load 4, 0, 0;
    %flag_set/imm 4, 0;
    %store/vec4a v0x14b869a50, 4, 0;
    %pushi/vec4 107, 0, 8;
    %ix/load 4, 1, 0;
    %flag_set/imm 4, 0;
    %store/vec4a v0x14b869a50, 4, 0;
    %pushi/vec4 0, 0, 8;
    %ix/load 4, 2, 0;
    %flag_set/imm 4, 0;
    %store/vec4a v0x14b869a50, 4, 0;
    %pushi/vec4 1, 0, 32;
    %assign/vec4 v0x14b86a8d0_0, 0;
    %jmp T_6.13;
T_6.12 ;
    %load/vec4 v0x14b869430_0;
    %flag_set/vec4 8;
    %jmp/0xz  T_6.14, 8;
    %pushi/vec4 1, 0, 3;
    %store/vec4 v0x14b86a160_0, 0, 3;
    %pushi/vec4 208, 0, 8;
    %ix/load 4, 0, 0;
    %flag_set/imm 4, 0;
    %store/vec4a v0x14b869a50, 4, 0;
    %pushi/vec4 59, 0, 8;
    %ix/load 4, 1, 0;
    %flag_set/imm 4, 0;
    %store/vec4a v0x14b869a50, 4, 0;
    %pushi/vec4 1, 0, 32;
    %assign/vec4 v0x14b86a8d0_0, 0;
    %pushi/vec4 1, 0, 1;
    %assign/vec4 v0x14b869d90_0, 0;
T_6.14 ;
T_6.13 ;
    %jmp T_6.11;
T_6.3 ;
    %pushi/vec4 0, 0, 1;
    %assign/vec4 v0x14b86a780_0, 0;
    %pushi/vec4 2, 0, 32;
    %assign/vec4 v0x14b86a8d0_0, 0;
    %jmp T_6.11;
T_6.4 ;
    %load/vec4 v0x14b86a820_0;
    %dup/vec4;
    %pushi/vec4 0, 0, 32;
    %cmp/u;
    %jmp/1 T_6.16, 6;
    %dup/vec4;
    %pushi/vec4 1, 0, 32;
    %cmp/u;
    %jmp/1 T_6.17, 6;
    %dup/vec4;
    %pushi/vec4 2, 0, 32;
    %cmp/u;
    %jmp/1 T_6.18, 6;
    %jmp T_6.19;
T_6.16 ;
    %load/vec4 v0x14b8697b0_0;
    %and/r;
    %flag_set/vec4 9;
    %flag_get/vec4 9;
    %jmp/0 T_6.22, 9;
    %load/vec4 v0x14b86a4f0_0;
    %and;
T_6.22;
    %flag_set/vec4 8;
    %jmp/0xz  T_6.20, 8;
    %pushi/vec4 1, 0, 32;
    %assign/vec4 v0x14b86a820_0, 0;
    %pushi/vec4 0, 0, 3;
    %assign/vec4 v0x14b8697b0_0, 0;
    %jmp T_6.21;
T_6.20 ;
    %load/vec4 v0x14b86a4f0_0;
    %flag_set/vec4 8;
    %jmp/0xz  T_6.23, 8;
    %load/vec4 v0x14b8697b0_0;
    %addi 1, 0, 3;
    %assign/vec4 v0x14b8697b0_0, 0;
    %load/vec4 v0x14b869900_0;
    %pad/u 5;
    %ix/vec4 4;
    %load/vec4a v0x14b869a50, 4;
    %load/vec4 v0x14b8697b0_0;
    %part/u 1;
    %assign/vec4 v0x14b86a780_0, 0;
T_6.23 ;
T_6.21 ;
    %jmp T_6.19;
T_6.17 ;
    %load/vec4 v0x14b86a590_0;
    %flag_set/vec4 8;
    %jmp/0xz  T_6.25, 8;
    %pushi/vec4 2, 0, 32;
    %assign/vec4 v0x14b86a820_0, 0;
T_6.25 ;
    %jmp T_6.19;
T_6.18 ;
    %load/vec4 v0x14b86a590_0;
    %flag_set/vec4 8;
    %jmp/0xz  T_6.27, 8;
    %load/vec4 v0x14b869900_0;
    %load/vec4 v0x14b86a160_0;
    %cmp/e;
    %jmp/0xz  T_6.29, 4;
    %pushi/vec4 3, 0, 32;
    %assign/vec4 v0x14b86a8d0_0, 0;
    %pushi/vec4 0, 0, 32;
    %assign/vec4 v0x14b86a820_0, 0;
    %pushi/vec4 0, 0, 3;
    %assign/vec4 v0x14b8697b0_0, 0;
    %pushi/vec4 0, 0, 3;
    %assign/vec4 v0x14b869900_0, 0;
    %jmp T_6.30;
T_6.29 ;
    %load/vec4 v0x14b869900_0;
    %addi 1, 0, 3;
    %assign/vec4 v0x14b869900_0, 0;
    %pushi/vec4 0, 0, 32;
    %assign/vec4 v0x14b86a820_0, 0;
    %load/vec4 v0x14b869900_0;
    %and/r;
    %flag_set/vec4 8;
    %jmp/0xz  T_6.31, 8;
    %pushi/vec4 0, 0, 32;
    %assign/vec4 v0x14b86a8d0_0, 0;
T_6.31 ;
T_6.30 ;
T_6.27 ;
    %jmp T_6.19;
T_6.19 ;
    %pop/vec4 1;
    %jmp T_6.11;
T_6.5 ;
    %load/vec4 v0x14b869e30_0;
    %flag_set/vec4 8;
    %jmp/0xz  T_6.33, 8;
    %pushi/vec4 7, 0, 32;
    %assign/vec4 v0x14b86a8d0_0, 0;
    %pushi/vec4 0, 0, 1;
    %assign/vec4 v0x14b869e30_0, 0;
    %jmp T_6.34;
T_6.33 ;
    %load/vec4 v0x14b869cf0_0;
    %flag_set/vec4 8;
    %jmp/0xz  T_6.35, 8;
    %load/vec4 v0x14b86a4f0_0;
    %flag_set/vec4 8;
    %jmp/0xz  T_6.37, 8;
    %pushi/vec4 4, 0, 32;
    %assign/vec4 v0x14b86a8d0_0, 0;
    %pushi/vec4 1, 0, 1;
    %assign/vec4 v0x14b86a780_0, 0;
    %pushi/vec4 0, 0, 3;
    %store/vec4 v0x14b86a160_0, 0, 3;
    %pushi/vec4 209, 0, 8;
    %ix/load 4, 0, 0;
    %flag_set/imm 4, 0;
    %store/vec4a v0x14b869a50, 4, 0;
    %pushi/vec4 0, 0, 1;
    %assign/vec4 v0x14b869cf0_0, 0;
T_6.37 ;
    %jmp T_6.36;
T_6.35 ;
    %pushi/vec4 5, 0, 32;
    %assign/vec4 v0x14b86a8d0_0, 0;
T_6.36 ;
T_6.34 ;
    %jmp T_6.11;
T_6.6 ;
    %load/vec4 v0x14b86a630_0;
    %parti/s 1, 2, 3;
    %flag_set/vec4 8;
    %jmp/0xz  T_6.39, 8;
    %pushi/vec4 0, 0, 1;
    %assign/vec4 v0x14b86a780_0, 0;
    %pushi/vec4 2, 0, 32;
    %assign/vec4 v0x14b86a8d0_0, 0;
    %pushi/vec4 0, 0, 32;
    %assign/vec4 v0x14b86a820_0, 0;
T_6.39 ;
    %jmp T_6.11;
T_6.7 ;
    %load/vec4 v0x14b86a1f0_0;
    %dup/vec4;
    %pushi/vec4 0, 0, 32;
    %cmp/u;
    %jmp/1 T_6.41, 6;
    %dup/vec4;
    %pushi/vec4 1, 0, 32;
    %cmp/u;
    %jmp/1 T_6.42, 6;
    %jmp T_6.43;
T_6.41 ;
    %load/vec4 v0x14b8697b0_0;
    %and/r;
    %flag_set/vec4 8;
    %jmp/0xz  T_6.44, 8;
    %pushi/vec4 1, 0, 32;
    %assign/vec4 v0x14b86a1f0_0, 0;
    %pushi/vec4 0, 0, 3;
    %assign/vec4 v0x14b8697b0_0, 0;
    %jmp T_6.45;
T_6.44 ;
    %load/vec4 v0x14b86a590_0;
    %flag_set/vec4 8;
    %jmp/0xz  T_6.46, 8;
    %load/vec4 v0x14b869af0_0;
    %parti/s 7, 0, 2;
    %load/vec4 v0x14b86a6e0_0;
    %concat/vec4; draw_concat_vec4
    %assign/vec4 v0x14b869af0_0, 0;
    %load/vec4 v0x14b8697b0_0;
    %addi 1, 0, 3;
    %assign/vec4 v0x14b8697b0_0, 0;
T_6.46 ;
T_6.45 ;
    %pushi/vec4 0, 0, 1;
    %assign/vec4 v0x14b869ba0_0, 0;
    %jmp T_6.43;
T_6.42 ;
    %load/vec4 v0x14b86a4f0_0;
    %flag_set/vec4 8;
    %jmp/0xz  T_6.48, 8;
    %pushi/vec4 0, 0, 1;
    %assign/vec4 v0x14b86a780_0, 0;
T_6.48 ;
    %load/vec4 v0x14b86a590_0;
    %flag_set/vec4 8;
    %jmp/0xz  T_6.50, 8;
    %load/vec4 v0x14b869900_0;
    %pad/u 32;
    %cmpi/e 7, 0, 32;
    %jmp/0xz  T_6.52, 4;
    %pushi/vec4 6, 0, 32;
    %assign/vec4 v0x14b86a8d0_0, 0;
    %pushi/vec4 0, 0, 32;
    %assign/vec4 v0x14b86a1f0_0, 0;
    %pushi/vec4 0, 0, 3;
    %assign/vec4 v0x14b869900_0, 0;
    %pushi/vec4 1, 0, 1;
    %assign/vec4 v0x14b86a780_0, 0;
    %jmp T_6.53;
T_6.52 ;
    %load/vec4 v0x14b869900_0;
    %addi 1, 0, 3;
    %assign/vec4 v0x14b869900_0, 0;
    %pushi/vec4 1, 0, 1;
    %assign/vec4 v0x14b869ba0_0, 0;
    %pushi/vec4 0, 0, 32;
    %assign/vec4 v0x14b86a1f0_0, 0;
T_6.53 ;
T_6.50 ;
    %jmp T_6.43;
T_6.43 ;
    %pop/vec4 1;
    %jmp T_6.11;
T_6.8 ;
    %load/vec4 v0x14b869d90_0;
    %flag_set/vec4 8;
    %jmp/0xz  T_6.54, 8;
    %pushi/vec4 4, 0, 32;
    %assign/vec4 v0x14b86a8d0_0, 0;
    %pushi/vec4 1, 0, 3;
    %store/vec4 v0x14b86a160_0, 0, 3;
    %pushi/vec4 208, 0, 8;
    %ix/load 4, 0, 0;
    %flag_set/imm 4, 0;
    %store/vec4a v0x14b869a50, 4, 0;
    %pushi/vec4 59, 0, 8;
    %ix/load 4, 1, 0;
    %flag_set/imm 4, 0;
    %store/vec4a v0x14b869a50, 4, 0;
    %pushi/vec4 1, 0, 1;
    %assign/vec4 v0x14b869cf0_0, 0;
    %jmp T_6.55;
T_6.54 ;
    %pushi/vec4 7, 0, 32;
    %assign/vec4 v0x14b86a8d0_0, 0;
T_6.55 ;
    %jmp T_6.11;
T_6.9 ;
    %load/vec4 v0x14b86a590_0;
    %flag_set/vec4 8;
    %jmp/0xz  T_6.56, 8;
    %pushi/vec4 0, 0, 1;
    %assign/vec4 v0x14b86a780_0, 0;
T_6.56 ;
    %load/vec4 v0x14b86a630_0;
    %parti/s 1, 2, 3;
    %flag_set/vec4 8;
    %jmp/0xz  T_6.58, 8;
    %pushi/vec4 1, 0, 1;
    %assign/vec4 v0x14b86a780_0, 0;
    %pushi/vec4 0, 0, 32;
    %assign/vec4 v0x14b86a8d0_0, 0;
    %pushi/vec4 0, 0, 1;
    %assign/vec4 v0x14b869d90_0, 0;
T_6.58 ;
    %jmp T_6.11;
T_6.11 ;
    %pop/vec4 1;
T_6.1 ;
    %jmp T_6;
    .thread T_6;
    .scope S_0x14b86ab00;
T_7 ;
    %pushi/vec4 0, 0, 16;
    %store/vec4 v0x14b86b850_0, 0, 16;
    %pushi/vec4 256, 0, 16;
    %store/vec4 v0x14b86bca0_0, 0, 16;
    %pushi/vec4 256, 0, 16;
    %store/vec4 v0x14b86ba00_0, 0, 16;
    %end;
    .thread T_7, $init;
    .scope S_0x14b86ab00;
T_8 ;
    %wait E_0x14b86b1b0;
    %load/vec4 v0x14b86bab0_0;
    %flag_set/vec4 8;
    %jmp/0xz  T_8.0, 8;
    %pushi/vec4 0, 0, 3;
    %assign/vec4 v0x14b86be50_0, 0;
    %jmp T_8.1;
T_8.0 ;
    %load/vec4 v0x14b86b8e0_0;
    %assign/vec4 v0x14b86be50_0, 0;
T_8.1 ;
    %jmp T_8;
    .thread T_8;
    .scope S_0x14b86ab00;
T_9 ;
    %wait E_0x14b868840;
    %load/vec4 v0x14b86be50_0;
    %dup/vec4;
    %pushi/vec4 0, 0, 3;
    %cmp/u;
    %jmp/1 T_9.0, 6;
    %dup/vec4;
    %pushi/vec4 1, 0, 3;
    %cmp/u;
    %jmp/1 T_9.1, 6;
    %pushi/vec4 0, 0, 3;
    %assign/vec4 v0x14b86b8e0_0, 0;
    %jmp T_9.3;
T_9.0 ;
    %load/vec4 v0x14b86bc00_0;
    %flag_set/vec4 8;
    %jmp/0 T_9.4, 8;
    %pushi/vec4 1, 0, 32;
    %jmp/1 T_9.5, 8;
T_9.4 ; End of true expr.
    %pushi/vec4 0, 0, 32;
    %jmp/0 T_9.5, 8;
 ; End of false expr.
    %blend;
T_9.5;
    %pad/s 3;
    %assign/vec4 v0x14b86b8e0_0, 0;
    %jmp T_9.3;
T_9.1 ;
    %load/vec4 v0x14b86bca0_0;
    %pad/u 32;
    %load/vec4 v0x14b86ba00_0;
    %pad/u 32;
    %addi 1280, 0, 32;
    %cmp/u;
    %flag_or 5, 4;
    %flag_get/vec4 5;
    %jmp/0 T_9.8, 5;
    %load/vec4 v0x14b86ba00_0;
    %pad/u 32;
    %subi 1280, 0, 32;
    %load/vec4 v0x14b86bca0_0;
    %pad/u 32;
    %cmp/u;
    %flag_get/vec4 4;
    %flag_get/vec4 5;
    %or;
    %and;
T_9.8;
    %flag_set/vec4 8;
    %jmp/0xz  T_9.6, 8;
    %pushi/vec4 0, 0, 3;
    %assign/vec4 v0x14b86b8e0_0, 0;
    %jmp T_9.7;
T_9.6 ;
    %pushi/vec4 1, 0, 3;
    %assign/vec4 v0x14b86b8e0_0, 0;
T_9.7 ;
    %jmp T_9.3;
T_9.3 ;
    %pop/vec4 1;
    %jmp T_9;
    .thread T_9;
    .scope S_0x14b86ab00;
T_10 ;
    %wait E_0x14b86b1b0;
    %load/vec4 v0x14b86bab0_0;
    %flag_set/vec4 8;
    %jmp/0xz  T_10.0, 8;
    %pushi/vec4 0, 0, 16;
    %assign/vec4 v0x14b86b850_0, 0;
    %pushi/vec4 256, 0, 16;
    %assign/vec4 v0x14b86bca0_0, 0;
    %pushi/vec4 256, 0, 16;
    %assign/vec4 v0x14b86ba00_0, 0;
    %jmp T_10.1;
T_10.0 ;
    %load/vec4 v0x14b86b850_0;
    %addi 256, 0, 16;
    %assign/vec4 v0x14b86b850_0, 0;
    %load/vec4 v0x14b86be50_0;
    %dup/vec4;
    %pushi/vec4 0, 0, 3;
    %cmp/u;
    %jmp/1 T_10.2, 6;
    %dup/vec4;
    %pushi/vec4 1, 0, 3;
    %cmp/u;
    %jmp/1 T_10.3, 6;
    %pushi/vec4 0, 0, 3;
    %assign/vec4 v0x14b86b8e0_0, 0;
    %jmp T_10.5;
T_10.2 ;
    %load/vec4 v0x14b86bc00_0;
    %flag_set/vec4 8;
    %jmp/0xz  T_10.6, 8;
    %load/vec4 v0x14b86bb50_0;
    %assign/vec4 v0x14b86bca0_0, 0;
T_10.6 ;
    %jmp T_10.5;
T_10.3 ;
    %load/vec4 v0x14b86b850_0;
    %pad/u 32;
    %cmpi/e 65280, 0, 32;
    %jmp/0xz  T_10.8, 4;
    %load/vec4 v0x14b86ba00_0;
    %pad/u 32;
    %addi 1280, 0, 32;
    %load/vec4 v0x14b86bca0_0;
    %pad/u 32;
    %cmp/u;
    %jmp/0xz  T_10.10, 5;
    %load/vec4 v0x14b86ba00_0;
    %pad/u 32;
    %addi 2560, 0, 32;
    %cmpi/u 65536, 0, 32;
    %flag_or 5, 4; GT is !LE
    %flag_inv 5;
    %flag_mov 8, 5;
    %jmp/0 T_10.12, 8;
    %pushi/vec4 65536, 0, 32;
    %jmp/1 T_10.13, 8;
T_10.12 ; End of true expr.
    %load/vec4 v0x14b86ba00_0;
    %pad/u 32;
    %addi 2560, 0, 32;
    %jmp/0 T_10.13, 8;
 ; End of false expr.
    %blend;
T_10.13;
    %pad/u 16;
    %assign/vec4 v0x14b86ba00_0, 0;
    %jmp T_10.11;
T_10.10 ;
    %load/vec4 v0x14b86bca0_0;
    %pad/u 32;
    %load/vec4 v0x14b86ba00_0;
    %pad/u 32;
    %subi 1280, 0, 32;
    %cmp/u;
    %jmp/0xz  T_10.14, 5;
    %load/vec4 v0x14b86ba00_0;
    %pad/u 32;
    %cmpi/u 2816, 0, 32;
    %flag_mov 8, 5;
    %jmp/0 T_10.16, 8;
    %pushi/vec4 256, 0, 32;
    %jmp/1 T_10.17, 8;
T_10.16 ; End of true expr.
    %load/vec4 v0x14b86ba00_0;
    %pad/u 32;
    %subi 2560, 0, 32;
    %jmp/0 T_10.17, 8;
 ; End of false expr.
    %blend;
T_10.17;
    %pad/u 16;
    %assign/vec4 v0x14b86ba00_0, 0;
T_10.14 ;
T_10.11 ;
T_10.8 ;
    %jmp T_10.5;
T_10.5 ;
    %pop/vec4 1;
T_10.1 ;
    %jmp T_10;
    .thread T_10;
    .scope S_0x14b843c70;
T_11 ;
    %wait E_0x14b86b1b0;
    %load/vec4 v0x14b86cd70_0;
    %flag_set/vec4 8;
    %jmp/0xz  T_11.0, 8;
    %pushi/vec4 0, 0, 3;
    %assign/vec4 v0x14b86cff0_0, 0;
    %pushi/vec4 0, 0, 16;
    %assign/vec4 v0x14b86c340_0, 0;
    %pushi/vec4 0, 0, 16;
    %assign/vec4 v0x14b86ca00_0, 0;
    %pushi/vec4 0, 0, 16;
    %assign/vec4 v0x14b86c940_0, 0;
    %pushi/vec4 0, 0, 1;
    %assign/vec4 v0x14b86cce0_0, 0;
    %pushi/vec4 0, 0, 1;
    %assign/vec4 v0x14b86c6e0_0, 0;
    %pushi/vec4 0, 0, 1;
    %assign/vec4 v0x14b86c770_0, 0;
    %pushi/vec4 0, 0, 4;
    %assign/vec4 v0x14b86bf90_0, 0;
    %pushi/vec4 0, 0, 16;
    %assign/vec4 v0x14b86c480_0, 0;
    %jmp T_11.1;
T_11.0 ;
    %load/vec4 v0x14b86c820_0;
    %assign/vec4 v0x14b86cff0_0, 0;
    %load/vec4 v0x14b86cff0_0;
    %cmpi/e 1, 0, 3;
    %flag_get/vec4 4;
    %jmp/0 T_11.4, 4;
    %load/vec4 v0x14b86c5a0_0;
    %and;
T_11.4;
    %flag_set/vec4 8;
    %jmp/0xz  T_11.2, 8;
    %load/vec4 v0x14b86bf90_0;
    %dup/vec4;
    %pushi/vec4 4, 0, 4;
    %cmp/u;
    %jmp/1 T_11.5, 6;
    %dup/vec4;
    %pushi/vec4 5, 0, 4;
    %cmp/u;
    %jmp/1 T_11.6, 6;
    %jmp T_11.7;
T_11.5 ;
    %load/vec4 v0x14b86c650_0;
    %ix/load 4, 8, 0;
    %ix/load 5, 0, 0;
    %flag_set/imm 4, 0;
    %assign/vec4/off/d v0x14b86c480_0, 4, 5;
    %jmp T_11.7;
T_11.6 ;
    %load/vec4 v0x14b86c650_0;
    %ix/load 4, 0, 0;
    %ix/load 5, 0, 0;
    %flag_set/imm 4, 0;
    %assign/vec4/off/d v0x14b86c480_0, 4, 5;
    %jmp T_11.7;
T_11.7 ;
    %pop/vec4 1;
    %load/vec4 v0x14b86bf90_0;
    %addi 1, 0, 4;
    %assign/vec4 v0x14b86bf90_0, 0;
T_11.2 ;
    %load/vec4 v0x14b86cff0_0;
    %cmpi/e 3, 0, 3;
    %jmp/0xz  T_11.8, 4;
    %load/vec4 v0x14b86c340_0;
    %load/vec4 v0x14b86d110_0;
    %load/vec4 v0x14b86c2a0_0;
    %sub;
    %muli 2, 0, 16;
    %add;
    %assign/vec4 v0x14b86c340_0, 0;
    %load/vec4 v0x14b86d110_0;
    %load/vec4 v0x14b86c2a0_0;
    %sub;
    %assign/vec4 v0x14b86ca00_0, 0;
T_11.8 ;
T_11.1 ;
    %jmp T_11;
    .thread T_11;
    .scope S_0x14b843c70;
T_12 ;
    %wait E_0x14b807cc0;
    %load/vec4 v0x14b86cff0_0;
    %store/vec4 v0x14b86c820_0, 0, 3;
    %pushi/vec4 0, 0, 3;
    %store/vec4 v0x14b86d080_0, 0, 3;
    %pushi/vec4 0, 0, 16;
    %store/vec4 v0x14b86d110_0, 0, 16;
    %load/vec4 v0x14b86c480_0;
    %store/vec4 v0x14b86c2a0_0, 0, 16;
    %pushi/vec4 0, 0, 1;
    %store/vec4 v0x14b86cce0_0, 0, 1;
    %pushi/vec4 0, 0, 1;
    %store/vec4 v0x14b86c6e0_0, 0, 1;
    %pushi/vec4 0, 0, 1;
    %store/vec4 v0x14b86c770_0, 0, 1;
    %load/vec4 v0x14b86cff0_0;
    %dup/vec4;
    %pushi/vec4 0, 0, 3;
    %cmp/u;
    %jmp/1 T_12.0, 6;
    %dup/vec4;
    %pushi/vec4 1, 0, 3;
    %cmp/u;
    %jmp/1 T_12.1, 6;
    %dup/vec4;
    %pushi/vec4 2, 0, 3;
    %cmp/u;
    %jmp/1 T_12.2, 6;
    %dup/vec4;
    %pushi/vec4 3, 0, 3;
    %cmp/u;
    %jmp/1 T_12.3, 6;
    %dup/vec4;
    %pushi/vec4 4, 0, 3;
    %cmp/u;
    %jmp/1 T_12.4, 6;
    %dup/vec4;
    %pushi/vec4 5, 0, 3;
    %cmp/u;
    %jmp/1 T_12.5, 6;
    %pushi/vec4 0, 0, 3;
    %store/vec4 v0x14b86c820_0, 0, 3;
    %jmp T_12.7;
T_12.0 ;
    %load/vec4 v0x14b86c1d0_0;
    %flag_set/vec4 8;
    %jmp/0xz  T_12.8, 8;
    %pushi/vec4 1, 0, 1;
    %store/vec4 v0x14b86c6e0_0, 0, 1;
    %pushi/vec4 1, 0, 3;
    %store/vec4 v0x14b86c820_0, 0, 3;
T_12.8 ;
    %jmp T_12.7;
T_12.1 ;
    %load/vec4 v0x14b86c3f0_0;
    %nor/r;
    %flag_set/vec4 9;
    %flag_get/vec4 9;
    %jmp/0 T_12.12, 9;
    %load/vec4 v0x14b86bf90_0;
    %pad/u 32;
    %pushi/vec4 0, 0, 32;
    %cmp/e;
    %flag_get/vec4 4;
    %and;
T_12.12;
    %flag_set/vec4 8;
    %jmp/0xz  T_12.10, 8;
    %pushi/vec4 1, 0, 1;
    %store/vec4 v0x14b86c770_0, 0, 1;
T_12.10 ;
    %load/vec4 v0x14b86bf90_0;
    %cmpi/u 6, 0, 4;
    %flag_inv 5; GE is !LT
    %jmp/0xz  T_12.13, 5;
    %pushi/vec4 2, 0, 3;
    %store/vec4 v0x14b86c820_0, 0, 3;
    %pushi/vec4 0, 0, 4;
    %store/vec4 v0x14b86bf90_0, 0, 4;
T_12.13 ;
    %jmp T_12.7;
T_12.2 ;
    %load/vec4 v0x14b86c8b0_0;
    %flag_set/vec4 8;
    %jmp/0xz  T_12.15, 8;
    %pushi/vec4 5, 0, 3;
    %store/vec4 v0x14b86c820_0, 0, 3;
    %jmp T_12.16;
T_12.15 ;
    %pushi/vec4 3, 0, 3;
    %store/vec4 v0x14b86c820_0, 0, 3;
T_12.16 ;
    %jmp T_12.7;
T_12.3 ;
    %load/vec4 v0x14b86c140_0;
    %flag_set/vec4 8;
    %jmp/0xz  T_12.17, 8;
    %load/vec4 v0x14b86c0b0_0;
    %parti/s 3, 0, 2;
    %dup/vec4;
    %pushi/vec4 0, 0, 3;
    %cmp/u;
    %jmp/1 T_12.19, 6;
    %dup/vec4;
    %pushi/vec4 1, 0, 3;
    %cmp/u;
    %jmp/1 T_12.20, 6;
    %dup/vec4;
    %pushi/vec4 2, 0, 3;
    %cmp/u;
    %jmp/1 T_12.21, 6;
    %dup/vec4;
    %pushi/vec4 3, 0, 3;
    %cmp/u;
    %jmp/1 T_12.22, 6;
    %dup/vec4;
    %pushi/vec4 4, 0, 3;
    %cmp/u;
    %jmp/1 T_12.23, 6;
    %dup/vec4;
    %pushi/vec4 5, 0, 3;
    %cmp/u;
    %jmp/1 T_12.24, 6;
    %dup/vec4;
    %pushi/vec4 6, 0, 3;
    %cmp/u;
    %jmp/1 T_12.25, 6;
    %pushi/vec4 0, 0, 3;
    %store/vec4 v0x14b86d080_0, 0, 3;
    %jmp T_12.27;
T_12.19 ;
    %pushi/vec4 0, 0, 3;
    %store/vec4 v0x14b86d080_0, 0, 3;
    %jmp T_12.27;
T_12.20 ;
    %pushi/vec4 1, 0, 3;
    %store/vec4 v0x14b86d080_0, 0, 3;
    %pushi/vec4 100, 0, 16;
    %store/vec4 v0x14b86d110_0, 0, 16;
    %jmp T_12.27;
T_12.21 ;
    %pushi/vec4 2, 0, 3;
    %store/vec4 v0x14b86d080_0, 0, 3;
    %pushi/vec4 50, 0, 16;
    %store/vec4 v0x14b86d110_0, 0, 16;
    %jmp T_12.27;
T_12.22 ;
    %pushi/vec4 3, 0, 3;
    %store/vec4 v0x14b86d080_0, 0, 3;
    %pushi/vec4 10, 0, 16;
    %store/vec4 v0x14b86d110_0, 0, 16;
    %jmp T_12.27;
T_12.23 ;
    %pushi/vec4 4, 0, 3;
    %store/vec4 v0x14b86d080_0, 0, 3;
    %pushi/vec4 10, 0, 16;
    %store/vec4 v0x14b86d110_0, 0, 16;
    %jmp T_12.27;
T_12.24 ;
    %pushi/vec4 5, 0, 3;
    %store/vec4 v0x14b86d080_0, 0, 3;
    %pushi/vec4 15, 0, 16;
    %store/vec4 v0x14b86d110_0, 0, 16;
    %jmp T_12.27;
T_12.25 ;
    %pushi/vec4 6, 0, 3;
    %store/vec4 v0x14b86d080_0, 0, 3;
    %pushi/vec4 15, 0, 16;
    %store/vec4 v0x14b86d110_0, 0, 16;
    %jmp T_12.27;
T_12.27 ;
    %pop/vec4 1;
T_12.17 ;
    %load/vec4 v0x14b86d080_0;
    %cmpi/e 0, 0, 3;
    %flag_mov 8, 4;
    %jmp/0 T_12.28, 8;
    %pushi/vec4 0, 0, 16;
    %load/vec4 v0x14b86c480_0;
    %store/vec4 v0x14b867cc0_0, 0, 16;
    %store/vec4 v0x14b868080_0, 0, 16;
    %callf/vec4 TD_drone_top.calc_pid, S_0x14b842320;
    %jmp/1 T_12.29, 8;
T_12.28 ; End of true expr.
    %load/vec4 v0x14b86d110_0;
    %load/vec4 v0x14b86c2a0_0;
    %store/vec4 v0x14b867cc0_0, 0, 16;
    %store/vec4 v0x14b868080_0, 0, 16;
    %callf/vec4 TD_drone_top.calc_pid, S_0x14b842320;
    %jmp/0 T_12.29, 8;
 ; End of false expr.
    %blend;
T_12.29;
    %store/vec4 v0x14b86c940_0, 0, 16;
    %pushi/vec4 4, 0, 3;
    %store/vec4 v0x14b86c820_0, 0, 3;
    %jmp T_12.7;
T_12.4 ;
    %pushi/vec4 1, 0, 1;
    %store/vec4 v0x14b86cce0_0, 0, 1;
    %load/vec4 v0x14b86cba0_0;
    %nor/r;
    %flag_set/vec4 8;
    %jmp/0xz  T_12.30, 8;
    %pushi/vec4 0, 0, 3;
    %store/vec4 v0x14b86c820_0, 0, 3;
T_12.30 ;
    %jmp T_12.7;
T_12.5 ;
    %pushi/vec4 0, 0, 16;
    %store/vec4 v0x14b86c940_0, 0, 16;
    %load/vec4 v0x14b86cd70_0;
    %nor/r;
    %flag_set/vec4 8;
    %jmp/0xz  T_12.32, 8;
    %pushi/vec4 0, 0, 3;
    %store/vec4 v0x14b86c820_0, 0, 3;
T_12.32 ;
    %jmp T_12.7;
T_12.7 ;
    %pop/vec4 1;
    %jmp T_12;
    .thread T_12, $push;
# The file index is used to find the file name in the following table.
:file_names 6;
    "N/A";
    "<interactive>";
    "-";
    "drone_top.v";
    "./bb_iic.sv";
    "./bb_pwm.sv";
